#-----------------------------------------------------------
# Vivado v2018.3 (64-bit)
# SW Build 2405991 on Thu Dec  6 23:38:27 MST 2018
# IP Build 2404404 on Fri Dec  7 01:43:56 MST 2018
# Start of session at: Fri Jun 10 18:35:41 2022
# Process ID: 14860
# Current directory: D:/NI/Basketball_scoreboard/project_1
# Command line: vivado.exe -gui_launcher_event rodinguilauncherevent3068 D:\NI\Basketball_scoreboard\project_1\project_1.xpr
# Log file: D:/NI/Basketball_scoreboard/project_1/vivado.log
# Journal file: D:/NI/Basketball_scoreboard/project_1\vivado.jou
#-----------------------------------------------------------
start_gui
open_project D:/NI/Basketball_scoreboard/project_1/project_1.xpr
Scanning sources...
Finished scanning sources
INFO: [IP_Flow 19-234] Refreshing IP repositories
INFO: [IP_Flow 19-1704] No user IP repositories specified
INFO: [IP_Flow 19-2313] Loaded Vivado IP repository 'D:/Vivado/Vivado/2018.3/data/ip'.
open_project: Time (s): cpu = 00:00:17 ; elapsed = 00:00:09 . Memory (MB): peak = 787.055 ; gain = 162.336
update_compile_order -fileset sources_1
exit
INFO: [Common 17-206] Exiting Vivado at Fri Jun 10 18:37:24 2022...
